::1 - - [28/Jan/2016:13:33:31 +0100] "GET / HTTP/1.1" 200 26381
::1 - - [28/Jan/2016:13:33:31 +0100] "GET /style.css HTTP/1.1" 304 -
::1 - - [28/Jan/2016:13:33:31 +0100] "GET /assets/content/avatar.jpg HTTP/1.1" 304 -
::1 - - [28/Jan/2016:13:34:22 +0100] "GET / HTTP/1.1" 200 26381
::1 - - [28/Jan/2016:13:34:22 +0100] "GET /assets/css/isotope.css HTTP/1.1" 200 1290
::1 - - [28/Jan/2016:13:34:22 +0100] "GET /assets/css/magnific-popup.css HTTP/1.1" 200 7514
::1 - - [28/Jan/2016:13:34:22 +0100] "GET /assets/css/jquery.easy-pie-chart.css HTTP/1.1" 200 141
::1 - - [28/Jan/2016:13:34:22 +0100] "GET /style.css HTTP/1.1" 200 33965
::1 - - [28/Jan/2016:13:34:22 +0100] "GET /assets/css/jquery.mCustomScrollbar.css HTTP/1.1" 200 13253
::1 - - [28/Jan/2016:13:34:22 +0100] "GET /assets/js/jquery.scrollTo.min.js HTTP/1.1" 200 2434
::1 - - [28/Jan/2016:13:34:22 +0100] "GET /assets/css/responsive.css HTTP/1.1" 200 4855
::1 - - [28/Jan/2016:13:34:22 +0100] "GET /assets/js/jquery-1.8.3.min.js HTTP/1.1" 200 93637
::1 - - [28/Jan/2016:13:34:22 +0100] "GET /assets/js/gmap3.js HTTP/1.1" 200 72728
::1 - - [28/Jan/2016:13:34:22 +0100] "GET /assets/js/jquery.magnific-popup.min.js HTTP/1.1" 200 17908
::1 - - [28/Jan/2016:13:34:22 +0100] "GET /assets/js/jquery.cycle.lite.js HTTP/1.1" 200 21291
::1 - - [28/Jan/2016:13:34:22 +0100] "GET /assets/js/jquery.cycle2.swipe.min.js HTTP/1.1" 200 1323
::1 - - [28/Jan/2016:13:34:22 +0100] "GET /assets/js/jquery.isotope.min.js HTTP/1.1" 200 15877
::1 - - [28/Jan/2016:13:34:22 +0100] "GET /assets/js/jquery.nicescroll.js HTTP/1.1" 200 95225
::1 - - [28/Jan/2016:13:34:22 +0100] "GET /assets/js/excanvas.js HTTP/1.1" 200 27045
::1 - - [28/Jan/2016:13:34:22 +0100] "GET /assets/js/jquery.easy-pie-chart.js HTTP/1.1" 200 6507
::1 - - [28/Jan/2016:13:34:22 +0100] "GET /assets/js/jquery.carouFredSel-6.2.1-packed.js HTTP/1.1" 200 54781
::1 - - [28/Jan/2016:13:34:22 +0100] "GET /assets/js/jquery.mousewheel.min.js HTTP/1.1" 200 1391
::1 - - [28/Jan/2016:13:34:22 +0100] "GET /assets/js/jquery.mCustomScrollbar.concat.min.js HTTP/1.1" 200 25169
::1 - - [28/Jan/2016:13:34:22 +0100] "GET /assets/js/custom.js HTTP/1.1" 200 22852
::1 - - [28/Jan/2016:13:34:22 +0100] "GET /assets/js/jquery.easing.1.3.js HTTP/1.1" 200 8035
::1 - - [28/Jan/2016:13:34:22 +0100] "GET /assets/img/white_loader.gif HTTP/1.1" 200 5843
::1 - - [28/Jan/2016:13:34:22 +0100] "GET /assets/img/plus.png HTTP/1.1" 200 1106
::1 - - [28/Jan/2016:13:34:22 +0100] "GET /assets/content/portfolio-5.png HTTP/1.1" 200 29635
::1 - - [28/Jan/2016:13:34:22 +0100] "GET /assets/content/portfolio-4.jpg HTTP/1.1" 200 57721
::1 - - [28/Jan/2016:13:34:22 +0100] "GET /assets/content/portfolio-2.jpg HTTP/1.1" 200 105048
::1 - - [28/Jan/2016:13:34:22 +0100] "GET /assets/content/portfolio-3.jpg HTTP/1.1" 200 70895
::1 - - [28/Jan/2016:13:34:22 +0100] "GET /assets/content/signiture.png HTTP/1.1" 200 2092
::1 - - [28/Jan/2016:13:34:22 +0100] "GET /assets/content/portfolio-1.png HTTP/1.1" 200 190382
::1 - - [28/Jan/2016:13:34:22 +0100] "GET /assets/content/portfolio-6.png HTTP/1.1" 200 31079
::1 - - [28/Jan/2016:13:34:22 +0100] "GET /assets/content/avatar.jpg HTTP/1.1" 200 138637
::1 - - [28/Jan/2016:13:34:22 +0100] "GET /assets/img/back-resume.png HTTP/1.1" 200 1120
::1 - - [28/Jan/2016:13:34:22 +0100] "GET /assets/img/next-resume.png HTTP/1.1" 200 1114
::1 - - [28/Jan/2016:13:34:22 +0100] "GET /assets/content/resume-1.jpg HTTP/1.1" 200 77100
::1 - - [28/Jan/2016:13:34:22 +0100] "GET /assets/content/resume-3.jpg HTTP/1.1" 200 217193
::1 - - [28/Jan/2016:13:34:22 +0100] "GET /assets/content/resume-4.jpg HTTP/1.1" 200 718297
::1 - - [28/Jan/2016:13:34:22 +0100] "GET /assets/img/socials/facebook_B.png HTTP/1.1" 200 299
::1 - - [28/Jan/2016:13:34:22 +0100] "GET /assets/img/socials/twitter_B.png HTTP/1.1" 200 431
::1 - - [28/Jan/2016:13:34:22 +0100] "GET /assets/img/socials/plus_B.png HTTP/1.1" 200 547
::1 - - [28/Jan/2016:13:34:22 +0100] "GET /assets/img/socials/linkedin_B.png HTTP/1.1" 200 1214
::1 - - [28/Jan/2016:13:34:22 +0100] "GET /assets/img/form_error.png HTTP/1.1" 200 1106
::1 - - [28/Jan/2016:13:34:22 +0100] "GET /assets/img/Loading24_white.gif HTTP/1.1" 200 20190
::1 - - [28/Jan/2016:13:34:23 +0100] "GET /assets/img/marker.png HTTP/1.1" 200 2267
::1 - - [28/Jan/2016:13:34:24 +0100] "GET /favicon.ico HTTP/1.1" 404 209
::1 - - [28/Jan/2016:13:36:41 +0100] "GET / HTTP/1.1" 304 -
::1 - - [28/Jan/2016:13:36:42 +0100] "GET /assets/css/isotope.css HTTP/1.1" 304 -
::1 - - [28/Jan/2016:13:36:42 +0100] "GET /assets/css/magnific-popup.css HTTP/1.1" 304 -
::1 - - [28/Jan/2016:13:36:42 +0100] "GET /style.css HTTP/1.1" 304 -
::1 - - [28/Jan/2016:13:36:42 +0100] "GET /assets/css/responsive.css HTTP/1.1" 304 -
::1 - - [28/Jan/2016:13:36:42 +0100] "GET /assets/js/jquery-1.8.3.min.js HTTP/1.1" 304 -
::1 - - [28/Jan/2016:13:36:42 +0100] "GET /assets/css/jquery.easy-pie-chart.css HTTP/1.1" 304 -
::1 - - [28/Jan/2016:13:36:42 +0100] "GET /assets/css/jquery.mCustomScrollbar.css HTTP/1.1" 304 -
::1 - - [28/Jan/2016:13:36:42 +0100] "GET /assets/js/jquery.scrollTo.min.js HTTP/1.1" 304 -
::1 - - [28/Jan/2016:13:36:42 +0100] "GET /assets/js/gmap3.js HTTP/1.1" 304 -
::1 - - [28/Jan/2016:13:36:42 +0100] "GET /assets/js/jquery.nicescroll.js HTTP/1.1" 304 -
::1 - - [28/Jan/2016:13:36:42 +0100] "GET /assets/js/jquery.isotope.min.js HTTP/1.1" 304 -
::1 - - [28/Jan/2016:13:36:42 +0100] "GET /assets/js/jquery.easy-pie-chart.js HTTP/1.1" 304 -
::1 - - [28/Jan/2016:13:36:42 +0100] "GET /assets/js/excanvas.js HTTP/1.1" 304 -
::1 - - [28/Jan/2016:13:36:42 +0100] "GET /assets/js/jquery.carouFredSel-6.2.1-packed.js HTTP/1.1" 304 -
::1 - - [28/Jan/2016:13:36:42 +0100] "GET /assets/js/jquery.mousewheel.min.js HTTP/1.1" 304 -
::1 - - [28/Jan/2016:13:36:42 +0100] "GET /assets/js/jquery.mCustomScrollbar.concat.min.js HTTP/1.1" 304 -
::1 - - [28/Jan/2016:13:36:42 +0100] "GET /assets/js/jquery.magnific-popup.min.js HTTP/1.1" 304 -
::1 - - [28/Jan/2016:13:36:42 +0100] "GET /assets/js/jquery.cycle.lite.js HTTP/1.1" 304 -
::1 - - [28/Jan/2016:13:36:42 +0100] "GET /assets/js/jquery.cycle2.swipe.min.js HTTP/1.1" 304 -
::1 - - [28/Jan/2016:13:36:42 +0100] "GET /assets/js/custom.js HTTP/1.1" 304 -
::1 - - [28/Jan/2016:13:36:42 +0100] "GET /assets/js/jquery.easing.1.3.js HTTP/1.1" 304 -
::1 - - [28/Jan/2016:13:36:42 +0100] "GET /assets/content/avatar.jpg HTTP/1.1" 304 -
::1 - - [28/Jan/2016:13:36:42 +0100] "GET /assets/content/signiture.png HTTP/1.1" 304 -
::1 - - [28/Jan/2016:13:36:42 +0100] "GET /assets/content/portfolio-2.jpg HTTP/1.1" 304 -
::1 - - [28/Jan/2016:13:36:42 +0100] "GET /assets/content/portfolio-1.png HTTP/1.1" 304 -
::1 - - [28/Jan/2016:13:36:42 +0100] "GET /assets/content/portfolio-3.jpg HTTP/1.1" 304 -
::1 - - [28/Jan/2016:13:36:42 +0100] "GET /assets/content/portfolio-4.jpg HTTP/1.1" 304 -
::1 - - [28/Jan/2016:13:36:42 +0100] "GET /assets/content/portfolio-5.png HTTP/1.1" 304 -
::1 - - [28/Jan/2016:13:36:42 +0100] "GET /assets/content/portfolio-6.png HTTP/1.1" 304 -
::1 - - [28/Jan/2016:13:36:42 +0100] "GET /assets/img/back-resume.png HTTP/1.1" 304 -
::1 - - [28/Jan/2016:13:36:42 +0100] "GET /assets/img/next-resume.png HTTP/1.1" 304 -
::1 - - [28/Jan/2016:13:36:42 +0100] "GET /assets/content/resume-1.jpg HTTP/1.1" 304 -
::1 - - [28/Jan/2016:13:36:42 +0100] "GET /assets/content/resume-3.jpg HTTP/1.1" 304 -
::1 - - [28/Jan/2016:13:36:42 +0100] "GET /assets/content/resume-4.jpg HTTP/1.1" 304 -
::1 - - [28/Jan/2016:13:36:42 +0100] "GET /assets/img/marker.png HTTP/1.1" 304 -
::1 - - [28/Jan/2016:13:54:02 +0100] "GET / HTTP/1.1" 200 28894
::1 - - [28/Jan/2016:13:54:03 +0100] "GET /assets/css/isotope.css HTTP/1.1" 304 -
::1 - - [28/Jan/2016:13:54:03 +0100] "GET /assets/css/jquery.easy-pie-chart.css HTTP/1.1" 304 -
::1 - - [28/Jan/2016:13:54:03 +0100] "GET /assets/css/magnific-popup.css HTTP/1.1" 304 -
::1 - - [28/Jan/2016:13:54:03 +0100] "GET /assets/css/jquery.mCustomScrollbar.css HTTP/1.1" 304 -
::1 - - [28/Jan/2016:13:54:03 +0100] "GET /style.css HTTP/1.1" 304 -
::1 - - [28/Jan/2016:13:54:03 +0100] "GET /assets/css/responsive.css HTTP/1.1" 304 -
::1 - - [28/Jan/2016:13:54:03 +0100] "GET /assets/js/jquery-1.8.3.min.js HTTP/1.1" 304 -
::1 - - [28/Jan/2016:13:54:03 +0100] "GET /assets/js/jquery.scrollTo.min.js HTTP/1.1" 304 -
::1 - - [28/Jan/2016:13:54:03 +0100] "GET /assets/js/gmap3.js HTTP/1.1" 304 -
::1 - - [28/Jan/2016:13:54:03 +0100] "GET /assets/js/jquery.nicescroll.js HTTP/1.1" 304 -
::1 - - [28/Jan/2016:13:54:03 +0100] "GET /assets/js/jquery.magnific-popup.min.js HTTP/1.1" 304 -
::1 - - [28/Jan/2016:13:54:03 +0100] "GET /assets/js/jquery.cycle.lite.js HTTP/1.1" 304 -
::1 - - [28/Jan/2016:13:54:03 +0100] "GET /assets/js/jquery.cycle2.swipe.min.js HTTP/1.1" 304 -
::1 - - [28/Jan/2016:13:54:03 +0100] "GET /assets/js/jquery.isotope.min.js HTTP/1.1" 304 -
::1 - - [28/Jan/2016:13:54:03 +0100] "GET /assets/js/excanvas.js HTTP/1.1" 304 -
::1 - - [28/Jan/2016:13:54:03 +0100] "GET /assets/js/jquery.easy-pie-chart.js HTTP/1.1" 304 -
::1 - - [28/Jan/2016:13:54:03 +0100] "GET /assets/js/jquery.carouFredSel-6.2.1-packed.js HTTP/1.1" 304 -
::1 - - [28/Jan/2016:13:54:03 +0100] "GET /assets/js/jquery.mousewheel.min.js HTTP/1.1" 304 -
::1 - - [28/Jan/2016:13:54:03 +0100] "GET /assets/js/jquery.mCustomScrollbar.concat.min.js HTTP/1.1" 304 -
::1 - - [28/Jan/2016:13:54:03 +0100] "GET /assets/js/custom.js HTTP/1.1" 304 -
::1 - - [28/Jan/2016:13:54:03 +0100] "GET /assets/js/jquery.easing.1.3.js HTTP/1.1" 304 -
::1 - - [28/Jan/2016:13:54:03 +0100] "GET /assets/content/avatar.jpg HTTP/1.1" 304 -
::1 - - [28/Jan/2016:13:54:03 +0100] "GET /assets/content/signiture.png HTTP/1.1" 304 -
::1 - - [28/Jan/2016:13:54:03 +0100] "GET /assets/content/portfolio-2.jpg HTTP/1.1" 304 -
::1 - - [28/Jan/2016:13:54:03 +0100] "GET /assets/content/portfolio-1.png HTTP/1.1" 304 -
::1 - - [28/Jan/2016:13:54:03 +0100] "GET /assets/content/portfolio-3.jpg HTTP/1.1" 304 -
::1 - - [28/Jan/2016:13:54:03 +0100] "GET /assets/content/portfolio-4.jpg HTTP/1.1" 304 -
::1 - - [28/Jan/2016:13:54:03 +0100] "GET /assets/content/portfolio-5.png HTTP/1.1" 304 -
::1 - - [28/Jan/2016:13:54:03 +0100] "GET /assets/content/portfolio-6.png HTTP/1.1" 304 -
::1 - - [28/Jan/2016:13:54:03 +0100] "GET /assets/img/back-resume.png HTTP/1.1" 304 -
::1 - - [28/Jan/2016:13:54:03 +0100] "GET /assets/img/next-resume.png HTTP/1.1" 304 -
::1 - - [28/Jan/2016:13:54:03 +0100] "GET /assets/content/resume-1.jpg HTTP/1.1" 304 -
::1 - - [28/Jan/2016:13:54:03 +0100] "GET /assets/content/resume-3.jpg HTTP/1.1" 304 -
::1 - - [28/Jan/2016:13:54:03 +0100] "GET /assets/content/resume-4.jpg HTTP/1.1" 304 -
::1 - - [28/Jan/2016:13:54:03 +0100] "GET /assets/img/marker.png HTTP/1.1" 304 -
::1 - - [28/Jan/2016:14:00:37 +0100] "GET / HTTP/1.1" 200 28895
::1 - - [28/Jan/2016:14:00:37 +0100] "GET /assets/css/isotope.css HTTP/1.1" 304 -
::1 - - [28/Jan/2016:14:00:37 +0100] "GET /assets/css/jquery.easy-pie-chart.css HTTP/1.1" 304 -
::1 - - [28/Jan/2016:14:00:37 +0100] "GET /assets/css/magnific-popup.css HTTP/1.1" 304 -
::1 - - [28/Jan/2016:14:00:37 +0100] "GET /assets/css/jquery.mCustomScrollbar.css HTTP/1.1" 304 -
::1 - - [28/Jan/2016:14:00:37 +0100] "GET /style.css HTTP/1.1" 304 -
::1 - - [28/Jan/2016:14:00:37 +0100] "GET /assets/css/responsive.css HTTP/1.1" 304 -
::1 - - [28/Jan/2016:14:00:37 +0100] "GET /assets/js/jquery-1.8.3.min.js HTTP/1.1" 304 -
::1 - - [28/Jan/2016:14:00:37 +0100] "GET /assets/js/jquery.scrollTo.min.js HTTP/1.1" 304 -
::1 - - [28/Jan/2016:14:00:37 +0100] "GET /assets/js/gmap3.js HTTP/1.1" 304 -
::1 - - [28/Jan/2016:14:00:37 +0100] "GET /assets/js/jquery.nicescroll.js HTTP/1.1" 304 -
::1 - - [28/Jan/2016:14:00:37 +0100] "GET /assets/js/jquery.cycle.lite.js HTTP/1.1" 304 -
::1 - - [28/Jan/2016:14:00:37 +0100] "GET /assets/js/jquery.magnific-popup.min.js HTTP/1.1" 304 -
::1 - - [28/Jan/2016:14:00:37 +0100] "GET /assets/js/jquery.cycle2.swipe.min.js HTTP/1.1" 304 -
::1 - - [28/Jan/2016:14:00:37 +0100] "GET /assets/js/jquery.isotope.min.js HTTP/1.1" 304 -
::1 - - [28/Jan/2016:14:00:37 +0100] "GET /assets/js/excanvas.js HTTP/1.1" 304 -
::1 - - [28/Jan/2016:14:00:37 +0100] "GET /assets/js/jquery.easy-pie-chart.js HTTP/1.1" 304 -
::1 - - [28/Jan/2016:14:00:37 +0100] "GET /assets/js/jquery.carouFredSel-6.2.1-packed.js HTTP/1.1" 304 -
::1 - - [28/Jan/2016:14:00:37 +0100] "GET /assets/js/jquery.mousewheel.min.js HTTP/1.1" 304 -
::1 - - [28/Jan/2016:14:00:37 +0100] "GET /assets/js/jquery.mCustomScrollbar.concat.min.js HTTP/1.1" 304 -
::1 - - [28/Jan/2016:14:00:37 +0100] "GET /assets/js/custom.js HTTP/1.1" 304 -
::1 - - [28/Jan/2016:14:00:37 +0100] "GET /assets/js/jquery.easing.1.3.js HTTP/1.1" 304 -
::1 - - [28/Jan/2016:14:00:37 +0100] "GET /assets/content/avatar.jpg HTTP/1.1" 304 -
::1 - - [28/Jan/2016:14:00:37 +0100] "GET /assets/content/signiture.png HTTP/1.1" 304 -
::1 - - [28/Jan/2016:14:00:37 +0100] "GET /assets/content/portfolio-2.jpg HTTP/1.1" 304 -
::1 - - [28/Jan/2016:14:00:37 +0100] "GET /assets/content/portfolio-1.png HTTP/1.1" 304 -
::1 - - [28/Jan/2016:14:00:37 +0100] "GET /assets/content/portfolio-3.jpg HTTP/1.1" 304 -
::1 - - [28/Jan/2016:14:00:37 +0100] "GET /assets/content/portfolio-4.jpg HTTP/1.1" 304 -
::1 - - [28/Jan/2016:14:00:37 +0100] "GET /assets/content/portfolio-5.png HTTP/1.1" 304 -
::1 - - [28/Jan/2016:14:00:37 +0100] "GET /assets/content/portfolio-6.png HTTP/1.1" 304 -
::1 - - [28/Jan/2016:14:00:37 +0100] "GET /assets/img/back-resume.png HTTP/1.1" 304 -
::1 - - [28/Jan/2016:14:00:37 +0100] "GET /assets/img/next-resume.png HTTP/1.1" 304 -
::1 - - [28/Jan/2016:14:00:37 +0100] "GET /assets/content/resume-1.jpg HTTP/1.1" 304 -
::1 - - [28/Jan/2016:14:00:37 +0100] "GET /assets/content/resume-3.jpg HTTP/1.1" 304 -
::1 - - [28/Jan/2016:14:00:37 +0100] "GET /assets/content/resume-4.jpg HTTP/1.1" 304 -
::1 - - [28/Jan/2016:14:00:38 +0100] "GET /assets/img/marker.png HTTP/1.1" 304 -
::1 - - [28/Jan/2016:14:09:22 +0100] "GET / HTTP/1.1" 200 28049
::1 - - [28/Jan/2016:14:09:22 +0100] "GET /assets/css/isotope.css HTTP/1.1" 200 1290
::1 - - [28/Jan/2016:14:09:22 +0100] "GET /assets/css/jquery.easy-pie-chart.css HTTP/1.1" 200 141
::1 - - [28/Jan/2016:14:09:22 +0100] "GET /style.css HTTP/1.1" 200 33965
::1 - - [28/Jan/2016:14:09:22 +0100] "GET /assets/css/magnific-popup.css HTTP/1.1" 200 7514
::1 - - [28/Jan/2016:14:09:22 +0100] "GET /assets/js/jquery.scrollTo.min.js HTTP/1.1" 200 2434
::1 - - [28/Jan/2016:14:09:22 +0100] "GET /assets/js/gmap3.js HTTP/1.1" 200 72728
::1 - - [28/Jan/2016:14:09:22 +0100] "GET /assets/js/jquery.nicescroll.js HTTP/1.1" 200 95225
::1 - - [28/Jan/2016:14:09:22 +0100] "GET /assets/css/jquery.mCustomScrollbar.css HTTP/1.1" 200 13253
::1 - - [28/Jan/2016:14:09:22 +0100] "GET /assets/css/responsive.css HTTP/1.1" 200 4855
::1 - - [28/Jan/2016:14:09:22 +0100] "GET /assets/js/jquery-1.8.3.min.js HTTP/1.1" 200 93637
::1 - - [28/Jan/2016:14:09:22 +0100] "GET /assets/js/jquery.magnific-popup.min.js HTTP/1.1" 200 17908
::1 - - [28/Jan/2016:14:09:22 +0100] "GET /assets/js/jquery.cycle.lite.js HTTP/1.1" 200 21291
::1 - - [28/Jan/2016:14:09:22 +0100] "GET /assets/js/jquery.cycle2.swipe.min.js HTTP/1.1" 200 1323
::1 - - [28/Jan/2016:14:09:22 +0100] "GET /assets/js/jquery.isotope.min.js HTTP/1.1" 200 15877
::1 - - [28/Jan/2016:14:09:22 +0100] "GET /assets/js/excanvas.js HTTP/1.1" 200 27045
::1 - - [28/Jan/2016:14:09:22 +0100] "GET /assets/js/jquery.easy-pie-chart.js HTTP/1.1" 200 6507
::1 - - [28/Jan/2016:14:09:22 +0100] "GET /assets/js/jquery.carouFredSel-6.2.1-packed.js HTTP/1.1" 200 54781
::1 - - [28/Jan/2016:14:09:22 +0100] "GET /assets/js/jquery.mousewheel.min.js HTTP/1.1" 200 1391
::1 - - [28/Jan/2016:14:09:22 +0100] "GET /assets/js/custom.js HTTP/1.1" 200 22840
::1 - - [28/Jan/2016:14:09:22 +0100] "GET /assets/js/jquery.easing.1.3.js HTTP/1.1" 200 8035
::1 - - [28/Jan/2016:14:09:22 +0100] "GET /assets/js/jquery.mCustomScrollbar.concat.min.js HTTP/1.1" 200 25169
::1 - - [28/Jan/2016:14:09:22 +0100] "GET /assets/content/avatar.jpg HTTP/1.1" 304 -
::1 - - [28/Jan/2016:14:09:22 +0100] "GET /assets/content/signiture.png HTTP/1.1" 304 -
::1 - - [28/Jan/2016:14:09:22 +0100] "GET /assets/content/portfolio-2.jpg HTTP/1.1" 304 -
::1 - - [28/Jan/2016:14:09:22 +0100] "GET /assets/img/white_loader.gif HTTP/1.1" 304 -
::1 - - [28/Jan/2016:14:09:22 +0100] "GET /assets/img/plus.png HTTP/1.1" 304 -
::1 - - [28/Jan/2016:14:09:22 +0100] "GET /assets/content/portfolio-5.png HTTP/1.1" 304 -
::1 - - [28/Jan/2016:14:09:22 +0100] "GET /assets/content/portfolio-3.jpg HTTP/1.1" 304 -
::1 - - [28/Jan/2016:14:09:22 +0100] "GET /assets/content/portfolio-1.png HTTP/1.1" 304 -
::1 - - [28/Jan/2016:14:09:22 +0100] "GET /assets/content/portfolio-4.jpg HTTP/1.1" 304 -
::1 - - [28/Jan/2016:14:09:22 +0100] "GET /assets/content/portfolio-6.png HTTP/1.1" 304 -
::1 - - [28/Jan/2016:14:09:22 +0100] "GET /assets/img/back-resume.png HTTP/1.1" 304 -
::1 - - [28/Jan/2016:14:09:22 +0100] "GET /assets/img/next-resume.png HTTP/1.1" 304 -
::1 - - [28/Jan/2016:14:09:22 +0100] "GET /assets/content/resume-1.jpg HTTP/1.1" 304 -
::1 - - [28/Jan/2016:14:09:22 +0100] "GET /assets/content/resume-3.jpg HTTP/1.1" 304 -
::1 - - [28/Jan/2016:14:09:22 +0100] "GET /assets/content/resume-4.jpg HTTP/1.1" 304 -
::1 - - [28/Jan/2016:14:09:22 +0100] "GET /assets/img/socials/facebook_B.png HTTP/1.1" 304 -
::1 - - [28/Jan/2016:14:09:22 +0100] "GET /assets/img/socials/plus_B.png HTTP/1.1" 304 -
::1 - - [28/Jan/2016:14:09:22 +0100] "GET /assets/img/socials/twitter_B.png HTTP/1.1" 304 -
::1 - - [28/Jan/2016:14:09:22 +0100] "GET /assets/img/socials/linkedin_B.png HTTP/1.1" 304 -
::1 - - [28/Jan/2016:14:09:22 +0100] "GET /assets/img/form_error.png HTTP/1.1" 304 -
::1 - - [28/Jan/2016:14:09:22 +0100] "GET /assets/img/Loading24_white.gif HTTP/1.1" 304 -
::1 - - [28/Jan/2016:14:09:23 +0100] "GET /assets/img/marker.png HTTP/1.1" 304 -
::1 - - [28/Jan/2016:14:09:43 +0100] "GET /assets/css/isotope.css HTTP/1.1" 304 -
::1 - - [28/Jan/2016:14:09:43 +0100] "GET /assets/css/jquery.easy-pie-chart.css HTTP/1.1" 304 -
::1 - - [28/Jan/2016:14:09:43 +0100] "GET /assets/css/magnific-popup.css HTTP/1.1" 304 -
::1 - - [28/Jan/2016:14:09:43 +0100] "GET /assets/css/jquery.mCustomScrollbar.css HTTP/1.1" 304 -
::1 - - [28/Jan/2016:14:09:43 +0100] "GET /style.css HTTP/1.1" 304 -
::1 - - [28/Jan/2016:14:09:43 +0100] "GET /assets/css/responsive.css HTTP/1.1" 304 -
::1 - - [28/Jan/2016:14:10:31 +0100] "GET / HTTP/1.1" 200 27913
::1 - - [28/Jan/2016:14:10:31 +0100] "GET /assets/css/isotope.css HTTP/1.1" 304 -
::1 - - [28/Jan/2016:14:10:31 +0100] "GET /assets/css/jquery.easy-pie-chart.css HTTP/1.1" 304 -
::1 - - [28/Jan/2016:14:10:31 +0100] "GET /assets/css/jquery.mCustomScrollbar.css HTTP/1.1" 304 -
::1 - - [28/Jan/2016:14:10:31 +0100] "GET /assets/css/magnific-popup.css HTTP/1.1" 304 -
::1 - - [28/Jan/2016:14:10:31 +0100] "GET /assets/css/responsive.css HTTP/1.1" 304 -
::1 - - [28/Jan/2016:14:10:31 +0100] "GET /style.css HTTP/1.1" 304 -
::1 - - [28/Jan/2016:14:10:31 +0100] "GET /assets/js/jquery-1.8.3.min.js HTTP/1.1" 304 -
::1 - - [28/Jan/2016:14:10:31 +0100] "GET /assets/js/jquery.scrollTo.min.js HTTP/1.1" 304 -
::1 - - [28/Jan/2016:14:10:31 +0100] "GET /assets/js/gmap3.js HTTP/1.1" 304 -
::1 - - [28/Jan/2016:14:10:31 +0100] "GET /assets/js/jquery.nicescroll.js HTTP/1.1" 304 -
::1 - - [28/Jan/2016:14:10:31 +0100] "GET /assets/js/jquery.magnific-popup.min.js HTTP/1.1" 304 -
::1 - - [28/Jan/2016:14:10:31 +0100] "GET /assets/js/jquery.cycle.lite.js HTTP/1.1" 304 -
::1 - - [28/Jan/2016:14:10:31 +0100] "GET /assets/js/jquery.cycle2.swipe.min.js HTTP/1.1" 304 -
::1 - - [28/Jan/2016:14:10:31 +0100] "GET /assets/js/jquery.isotope.min.js HTTP/1.1" 304 -
::1 - - [28/Jan/2016:14:10:31 +0100] "GET /assets/js/excanvas.js HTTP/1.1" 304 -
::1 - - [28/Jan/2016:14:10:31 +0100] "GET /assets/js/jquery.easy-pie-chart.js HTTP/1.1" 304 -
::1 - - [28/Jan/2016:14:10:31 +0100] "GET /assets/js/jquery.mousewheel.min.js HTTP/1.1" 304 -
::1 - - [28/Jan/2016:14:10:31 +0100] "GET /assets/js/jquery.mCustomScrollbar.concat.min.js HTTP/1.1" 304 -
::1 - - [28/Jan/2016:14:10:31 +0100] "GET /assets/js/custom.js HTTP/1.1" 304 -
::1 - - [28/Jan/2016:14:10:31 +0100] "GET /assets/js/jquery.easing.1.3.js HTTP/1.1" 304 -
::1 - - [28/Jan/2016:14:10:31 +0100] "GET /assets/js/jquery.carouFredSel-6.2.1-packed.js HTTP/1.1" 304 -
::1 - - [28/Jan/2016:14:10:31 +0100] "GET /assets/content/avatar.jpg HTTP/1.1" 304 -
::1 - - [28/Jan/2016:14:10:31 +0100] "GET /assets/content/signiture.png HTTP/1.1" 304 -
::1 - - [28/Jan/2016:14:10:31 +0100] "GET /assets/content/portfolio-2.jpg HTTP/1.1" 304 -
::1 - - [28/Jan/2016:14:10:31 +0100] "GET /assets/content/portfolio-1.png HTTP/1.1" 304 -
::1 - - [28/Jan/2016:14:10:31 +0100] "GET /assets/content/portfolio-3.jpg HTTP/1.1" 304 -
::1 - - [28/Jan/2016:14:10:31 +0100] "GET /assets/content/portfolio-4.jpg HTTP/1.1" 304 -
::1 - - [28/Jan/2016:14:10:31 +0100] "GET /assets/content/portfolio-5.png HTTP/1.1" 304 -
::1 - - [28/Jan/2016:14:10:31 +0100] "GET /assets/content/portfolio-6.png HTTP/1.1" 304 -
::1 - - [28/Jan/2016:14:10:31 +0100] "GET /assets/img/back-resume.png HTTP/1.1" 304 -
::1 - - [28/Jan/2016:14:10:31 +0100] "GET /assets/img/next-resume.png HTTP/1.1" 304 -
::1 - - [28/Jan/2016:14:10:32 +0100] "GET /assets/content/resume-1.jpg HTTP/1.1" 304 -
::1 - - [28/Jan/2016:14:10:32 +0100] "GET /assets/content/resume-3.jpg HTTP/1.1" 304 -
::1 - - [28/Jan/2016:14:10:32 +0100] "GET /assets/content/resume-4.jpg HTTP/1.1" 304 -
::1 - - [28/Jan/2016:14:10:32 +0100] "GET /assets/img/marker.png HTTP/1.1" 304 -
::1 - - [28/Jan/2016:14:11:15 +0100] "GET / HTTP/1.1" 200 27813
::1 - - [28/Jan/2016:14:11:15 +0100] "GET /assets/css/isotope.css HTTP/1.1" 304 -
::1 - - [28/Jan/2016:14:11:15 +0100] "GET /assets/css/magnific-popup.css HTTP/1.1" 304 -
::1 - - [28/Jan/2016:14:11:15 +0100] "GET /style.css HTTP/1.1" 304 -
::1 - - [28/Jan/2016:14:11:15 +0100] "GET /assets/css/responsive.css HTTP/1.1" 304 -
::1 - - [28/Jan/2016:14:11:15 +0100] "GET /assets/css/jquery.easy-pie-chart.css HTTP/1.1" 304 -
::1 - - [28/Jan/2016:14:11:15 +0100] "GET /assets/css/jquery.mCustomScrollbar.css HTTP/1.1" 304 -
::1 - - [28/Jan/2016:14:11:15 +0100] "GET /assets/js/jquery.scrollTo.min.js HTTP/1.1" 304 -
::1 - - [28/Jan/2016:14:11:15 +0100] "GET /assets/js/jquery.nicescroll.js HTTP/1.1" 304 -
::1 - - [28/Jan/2016:14:11:15 +0100] "GET /assets/js/jquery-1.8.3.min.js HTTP/1.1" 304 -
::1 - - [28/Jan/2016:14:11:15 +0100] "GET /assets/js/jquery.magnific-popup.min.js HTTP/1.1" 304 -
::1 - - [28/Jan/2016:14:11:15 +0100] "GET /assets/js/jquery.cycle.lite.js HTTP/1.1" 304 -
::1 - - [28/Jan/2016:14:11:15 +0100] "GET /assets/js/jquery.cycle2.swipe.min.js HTTP/1.1" 304 -
::1 - - [28/Jan/2016:14:11:15 +0100] "GET /assets/js/jquery.isotope.min.js HTTP/1.1" 304 -
::1 - - [28/Jan/2016:14:11:15 +0100] "GET /assets/js/excanvas.js HTTP/1.1" 304 -
::1 - - [28/Jan/2016:14:11:15 +0100] "GET /assets/js/jquery.easy-pie-chart.js HTTP/1.1" 304 -
::1 - - [28/Jan/2016:14:11:15 +0100] "GET /assets/js/jquery.carouFredSel-6.2.1-packed.js HTTP/1.1" 304 -
::1 - - [28/Jan/2016:14:11:15 +0100] "GET /assets/js/jquery.mCustomScrollbar.concat.min.js HTTP/1.1" 304 -
::1 - - [28/Jan/2016:14:11:15 +0100] "GET /assets/js/gmap3.js HTTP/1.1" 304 -
::1 - - [28/Jan/2016:14:11:15 +0100] "GET /assets/js/custom.js HTTP/1.1" 304 -
::1 - - [28/Jan/2016:14:11:15 +0100] "GET /assets/js/jquery.easing.1.3.js HTTP/1.1" 304 -
::1 - - [28/Jan/2016:14:11:15 +0100] "GET /assets/js/jquery.mousewheel.min.js HTTP/1.1" 304 -
::1 - - [28/Jan/2016:14:11:15 +0100] "GET /assets/content/avatar.jpg HTTP/1.1" 304 -
::1 - - [28/Jan/2016:14:11:15 +0100] "GET /assets/content/signiture.png HTTP/1.1" 304 -
::1 - - [28/Jan/2016:14:11:15 +0100] "GET /assets/content/portfolio-2.jpg HTTP/1.1" 304 -
::1 - - [28/Jan/2016:14:11:15 +0100] "GET /assets/content/portfolio-1.png HTTP/1.1" 304 -
::1 - - [28/Jan/2016:14:11:15 +0100] "GET /assets/content/portfolio-3.jpg HTTP/1.1" 304 -
::1 - - [28/Jan/2016:14:11:15 +0100] "GET /assets/content/portfolio-4.jpg HTTP/1.1" 304 -
::1 - - [28/Jan/2016:14:11:15 +0100] "GET /assets/content/portfolio-5.png HTTP/1.1" 304 -
::1 - - [28/Jan/2016:14:11:15 +0100] "GET /assets/content/portfolio-6.png HTTP/1.1" 304 -
::1 - - [28/Jan/2016:14:11:15 +0100] "GET /assets/img/back-resume.png HTTP/1.1" 304 -
::1 - - [28/Jan/2016:14:11:15 +0100] "GET /assets/img/next-resume.png HTTP/1.1" 304 -
::1 - - [28/Jan/2016:14:11:15 +0100] "GET /assets/content/resume-1.jpg HTTP/1.1" 304 -
::1 - - [28/Jan/2016:14:11:15 +0100] "GET /assets/content/resume-3.jpg HTTP/1.1" 304 -
::1 - - [28/Jan/2016:14:11:15 +0100] "GET /assets/content/resume-4.jpg HTTP/1.1" 304 -
::1 - - [28/Jan/2016:14:11:16 +0100] "GET /assets/img/marker.png HTTP/1.1" 304 -
::1 - - [28/Jan/2016:14:11:22 +0100] "GET /assets/content/CV.pdf HTTP/1.1" 200 265480
