2016-01-12 15:19:03 18360 [Note] Plugin 'FEDERATED' is disabled.
2016-01-12 15:19:04 18360 [Note] InnoDB: The InnoDB memory heap is disabled
2016-01-12 15:19:04 18360 [Note] InnoDB: Mutexes and rw_locks use Windows interlocked functions
2016-01-12 15:19:04 18360 [Note] InnoDB: Compressed tables use zlib 1.2.3
2016-01-12 15:19:05 18360 [Note] InnoDB: Not using CPU crc32 instructions
2016-01-12 15:19:05 18360 [Note] InnoDB: Initializing buffer pool, size = 128.0M
2016-01-12 15:19:05 18360 [Note] InnoDB: Completed initialization of buffer pool
2016-01-12 15:19:06 18360 [Note] InnoDB: Highest supported file format is Barracuda.
2016-01-12 15:19:06 18360 [Note] InnoDB: The log sequence numbers 1881425 and 1881425 in ibdata files do not match the log sequence number 1960709 in the ib_logfiles!
2016-01-12 15:19:06 18360 [Note] InnoDB: Database was not shutdown normally!
2016-01-12 15:19:06 18360 [Note] InnoDB: Starting crash recovery.
2016-01-12 15:19:06 18360 [Note] InnoDB: Reading tablespace information from the .ibd files...
2016-01-12 15:19:07 18360 [Note] InnoDB: Restoring possible half-written data pages 
2016-01-12 15:19:07 18360 [Note] InnoDB: from the doublewrite buffer...
2016-01-12 15:19:15 18360 [Note] InnoDB: 128 rollback segment(s) are active.
2016-01-12 15:19:15 18360 [Note] InnoDB: Waiting for purge to start
2016-01-12 15:19:15 18360 [Note] InnoDB: 5.6.13 started; log sequence number 1960709
2016-01-12 15:19:16 18360 [Note] Server hostname (bind-address): '*'; port: 3307
2016-01-12 15:19:16 18360 [Note] IPv6 is available.
2016-01-12 15:19:16 18360 [Note]   - '::' resolves to '::';
2016-01-12 15:19:16 18360 [Note] Server socket created on IP: '::'.
2016-01-12 15:19:19 18360 [Note] Event Scheduler: Loaded 0 events
2016-01-12 15:19:19 18360 [Note] D:\OneDrive\SCHOOL\Leerjaar 3\Examen\Applicatie/mysql/bin/mysqld_usbwv8.exe: ready for connections.
Version: '5.6.13'  socket: ''  port: 3307  MySQL Community Server (GPL)
2016-01-26 13:08:15 8056 [Note] Plugin 'FEDERATED' is disabled.
2016-01-26 13:08:15 8056 [Note] InnoDB: The InnoDB memory heap is disabled
2016-01-26 13:08:15 8056 [Note] InnoDB: Mutexes and rw_locks use Windows interlocked functions
2016-01-26 13:08:15 8056 [Note] InnoDB: Compressed tables use zlib 1.2.3
2016-01-26 13:08:15 8056 [Note] InnoDB: Not using CPU crc32 instructions
2016-01-26 13:08:15 8056 [Note] InnoDB: Initializing buffer pool, size = 128.0M
2016-01-26 13:08:15 8056 [Note] InnoDB: Completed initialization of buffer pool
2016-01-26 13:08:15 8056 [Note] InnoDB: Highest supported file format is Barracuda.
2016-01-26 13:08:15 8056 [Note] InnoDB: The log sequence numbers 1881425 and 1881425 in ibdata files do not match the log sequence number 1960719 in the ib_logfiles!
2016-01-26 13:08:15 8056 [Note] InnoDB: Database was not shutdown normally!
2016-01-26 13:08:15 8056 [Note] InnoDB: Starting crash recovery.
2016-01-26 13:08:15 8056 [Note] InnoDB: Reading tablespace information from the .ibd files...
2016-01-26 13:08:15 8056 [Note] InnoDB: Restoring possible half-written data pages 
2016-01-26 13:08:15 8056 [Note] InnoDB: from the doublewrite buffer...
2016-01-26 13:08:16 8056 [Note] InnoDB: 128 rollback segment(s) are active.
2016-01-26 13:08:16 8056 [Note] InnoDB: Waiting for purge to start
2016-01-26 13:08:16 8056 [Note] InnoDB: 5.6.13 started; log sequence number 1960719
2016-01-26 13:08:16 8056 [Note] Server hostname (bind-address): '*'; port: 3307
2016-01-26 13:08:16 8056 [Note] IPv6 is available.
2016-01-26 13:08:16 8056 [Note]   - '::' resolves to '::';
2016-01-26 13:08:16 8056 [Note] Server socket created on IP: '::'.
2016-01-28 12:23:57 11052 [Note] Plugin 'FEDERATED' is disabled.
2016-01-28 12:23:57 11052 [Note] InnoDB: The InnoDB memory heap is disabled
2016-01-28 12:23:57 11052 [Note] InnoDB: Mutexes and rw_locks use Windows interlocked functions
2016-01-28 12:23:57 11052 [Note] InnoDB: Compressed tables use zlib 1.2.3
2016-01-28 12:23:57 11052 [Note] InnoDB: Not using CPU crc32 instructions
2016-01-28 12:23:57 11052 [Note] InnoDB: Initializing buffer pool, size = 128.0M
2016-01-28 12:23:57 11052 [Note] InnoDB: Completed initialization of buffer pool
2016-01-28 12:23:57 11052 [Note] InnoDB: Highest supported file format is Barracuda.
2016-01-28 12:23:57 11052 [Note] InnoDB: The log sequence numbers 1881425 and 1881425 in ibdata files do not match the log sequence number 1960729 in the ib_logfiles!
2016-01-28 12:23:57 11052 [Note] InnoDB: Database was not shutdown normally!
2016-01-28 12:23:57 11052 [Note] InnoDB: Starting crash recovery.
2016-01-28 12:23:57 11052 [Note] InnoDB: Reading tablespace information from the .ibd files...
2016-01-28 12:23:57 11052 [Note] InnoDB: Restoring possible half-written data pages 
2016-01-28 12:23:57 11052 [Note] InnoDB: from the doublewrite buffer...
2016-01-28 12:23:58 11052 [Note] InnoDB: 128 rollback segment(s) are active.
2016-01-28 12:23:58 11052 [Note] InnoDB: Waiting for purge to start
2016-01-28 12:23:58 11052 [Note] InnoDB: 5.6.13 started; log sequence number 1960729
2016-01-28 12:23:58 11052 [Note] Server hostname (bind-address): '*'; port: 3307
2016-01-28 12:23:58 11052 [Note] IPv6 is available.
2016-01-28 12:23:58 11052 [Note]   - '::' resolves to '::';
2016-01-28 12:23:58 11052 [Note] Server socket created on IP: '::'.
2016-01-28 12:40:38 6756 [Note] Plugin 'FEDERATED' is disabled.
2016-01-28 12:40:38 6756 [Note] InnoDB: The InnoDB memory heap is disabled
2016-01-28 12:40:38 6756 [Note] InnoDB: Mutexes and rw_locks use Windows interlocked functions
2016-01-28 12:40:38 6756 [Note] InnoDB: Compressed tables use zlib 1.2.3
2016-01-28 12:40:38 6756 [Note] InnoDB: Not using CPU crc32 instructions
2016-01-28 12:40:38 6756 [Note] InnoDB: Initializing buffer pool, size = 128.0M
2016-01-28 12:40:38 6756 [Note] InnoDB: Completed initialization of buffer pool
2016-01-28 12:40:38 6756 [Note] InnoDB: Highest supported file format is Barracuda.
2016-01-28 12:40:38 6756 [Note] InnoDB: The log sequence numbers 1881425 and 1881425 in ibdata files do not match the log sequence number 1960739 in the ib_logfiles!
2016-01-28 12:40:38 6756 [Note] InnoDB: Database was not shutdown normally!
2016-01-28 12:40:38 6756 [Note] InnoDB: Starting crash recovery.
2016-01-28 12:40:38 6756 [Note] InnoDB: Reading tablespace information from the .ibd files...
2016-01-28 12:40:38 6756 [Note] InnoDB: Restoring possible half-written data pages 
2016-01-28 12:40:38 6756 [Note] InnoDB: from the doublewrite buffer...
2016-01-28 12:40:39 6756 [Note] InnoDB: 128 rollback segment(s) are active.
2016-01-28 12:40:39 6756 [Note] InnoDB: Waiting for purge to start
2016-01-28 12:40:39 6756 [Note] InnoDB: 5.6.13 started; log sequence number 1960739
2016-01-28 12:40:39 6756 [Note] Server hostname (bind-address): '*'; port: 3307
2016-01-28 12:40:39 6756 [Note] IPv6 is available.
2016-01-28 12:40:39 6756 [Note]   - '::' resolves to '::';
2016-01-28 12:40:39 6756 [Note] Server socket created on IP: '::'.
2016-01-28 13:29:58 4540 [Note] Plugin 'FEDERATED' is disabled.
2016-01-28 13:29:58 4540 [Note] InnoDB: The InnoDB memory heap is disabled
2016-01-28 13:29:58 4540 [Note] InnoDB: Mutexes and rw_locks use Windows interlocked functions
2016-01-28 13:29:58 4540 [Note] InnoDB: Compressed tables use zlib 1.2.3
2016-01-28 13:29:58 4540 [Note] InnoDB: Not using CPU crc32 instructions
2016-01-28 13:29:58 4540 [Note] InnoDB: Initializing buffer pool, size = 128.0M
2016-01-28 13:29:58 4540 [Note] InnoDB: Completed initialization of buffer pool
2016-01-28 13:29:58 4540 [Note] InnoDB: Highest supported file format is Barracuda.
2016-01-28 13:29:58 4540 [Note] InnoDB: The log sequence numbers 1881425 and 1881425 in ibdata files do not match the log sequence number 1960749 in the ib_logfiles!
2016-01-28 13:29:58 4540 [Note] InnoDB: Database was not shutdown normally!
2016-01-28 13:29:58 4540 [Note] InnoDB: Starting crash recovery.
2016-01-28 13:29:58 4540 [Note] InnoDB: Reading tablespace information from the .ibd files...
2016-01-28 13:29:58 4540 [Note] InnoDB: Restoring possible half-written data pages 
2016-01-28 13:29:58 4540 [Note] InnoDB: from the doublewrite buffer...
2016-01-28 13:29:59 4540 [Note] InnoDB: 128 rollback segment(s) are active.
2016-01-28 13:29:59 4540 [Note] InnoDB: Waiting for purge to start
2016-01-28 13:29:59 4540 [Note] InnoDB: 5.6.13 started; log sequence number 1960749
2016-01-28 13:29:59 4540 [Note] Server hostname (bind-address): '*'; port: 3307
2016-01-28 13:29:59 4540 [Note] IPv6 is available.
2016-01-28 13:29:59 4540 [Note]   - '::' resolves to '::';
2016-01-28 13:29:59 4540 [Note] Server socket created on IP: '::'.
2016-01-28 13:33:16 204 [Note] Plugin 'FEDERATED' is disabled.
2016-01-28 13:33:16 204 [Note] InnoDB: The InnoDB memory heap is disabled
2016-01-28 13:33:16 204 [Note] InnoDB: Mutexes and rw_locks use Windows interlocked functions
2016-01-28 13:33:16 204 [Note] InnoDB: Compressed tables use zlib 1.2.3
2016-01-28 13:33:16 204 [Note] InnoDB: Not using CPU crc32 instructions
2016-01-28 13:33:16 204 [Note] InnoDB: Initializing buffer pool, size = 128.0M
2016-01-28 13:33:16 204 [Note] InnoDB: Completed initialization of buffer pool
2016-01-28 13:33:16 204 [ERROR] InnoDB: D:\Resume\mysql\data\ibdata1 can't be opened in read-write mode
2016-01-28 13:33:16 204 [ERROR] InnoDB: The system tablespace must be writable!
2016-01-28 13:33:16 204 [ERROR] Plugin 'InnoDB' init function returned error.
2016-01-28 13:33:16 204 [ERROR] Plugin 'InnoDB' registration as a STORAGE ENGINE failed.
2016-01-28 13:33:16 204 [ERROR] Unknown/unsupported storage engine: InnoDB
2016-01-28 13:33:16 204 [ERROR] Aborting

2016-01-28 13:33:16 204 [Note] Binlog end
2016-01-28 13:33:16 204 [Note] Shutting down plugin 'partition'
2016-01-28 13:33:16 204 [Note] Shutting down plugin 'PERFORMANCE_SCHEMA'
2016-01-28 13:33:16 204 [Note] Shutting down plugin 'INNODB_SYS_DATAFILES'
2016-01-28 13:33:16 204 [Note] Shutting down plugin 'INNODB_SYS_TABLESPACES'
2016-01-28 13:33:16 204 [Note] Shutting down plugin 'INNODB_SYS_FOREIGN_COLS'
2016-01-28 13:33:16 204 [Note] Shutting down plugin 'INNODB_SYS_FOREIGN'
2016-01-28 13:33:16 204 [Note] Shutting down plugin 'INNODB_SYS_FIELDS'
2016-01-28 13:33:16 204 [Note] Shutting down plugin 'INNODB_SYS_COLUMNS'
2016-01-28 13:33:16 204 [Note] Shutting down plugin 'INNODB_SYS_INDEXES'
2016-01-28 13:33:16 204 [Note] Shutting down plugin 'INNODB_SYS_TABLESTATS'
2016-01-28 13:33:16 204 [Note] Shutting down plugin 'INNODB_SYS_TABLES'
2016-01-28 13:33:16 204 [Note] Shutting down plugin 'INNODB_FT_INDEX_TABLE'
2016-01-28 13:33:16 204 [Note] Shutting down plugin 'INNODB_FT_INDEX_CACHE'
2016-01-28 13:33:16 204 [Note] Shutting down plugin 'INNODB_FT_CONFIG'
2016-01-28 13:33:16 204 [Note] Shutting down plugin 'INNODB_FT_BEING_DELETED'
2016-01-28 13:33:16 204 [Note] Shutting down plugin 'INNODB_FT_DELETED'
2016-01-28 13:33:16 204 [Note] Shutting down plugin 'INNODB_FT_DEFAULT_STOPWORD'
2016-01-28 13:33:16 204 [Note] Shutting down plugin 'INNODB_METRICS'
2016-01-28 13:33:16 204 [Note] Shutting down plugin 'INNODB_BUFFER_POOL_STATS'
2016-01-28 13:33:16 204 [Note] Shutting down plugin 'INNODB_BUFFER_PAGE_LRU'
2016-01-28 13:33:16 204 [Note] Shutting down plugin 'INNODB_BUFFER_PAGE'
2016-01-28 13:33:16 204 [Note] Shutting down plugin 'INNODB_CMP_PER_INDEX_RESET'
2016-01-28 13:33:16 204 [Note] Shutting down plugin 'INNODB_CMP_PER_INDEX'
2016-01-28 13:33:16 204 [Note] Shutting down plugin 'INNODB_CMPMEM_RESET'
2016-01-28 13:33:16 204 [Note] Shutting down plugin 'INNODB_CMPMEM'
2016-01-28 13:33:16 204 [Note] Shutting down plugin 'INNODB_CMP_RESET'
2016-01-28 13:33:16 204 [Note] Shutting down plugin 'INNODB_CMP'
2016-01-28 13:33:16 204 [Note] Shutting down plugin 'INNODB_LOCK_WAITS'
2016-01-28 13:33:16 204 [Note] Shutting down plugin 'INNODB_LOCKS'
2016-01-28 13:33:16 204 [Note] Shutting down plugin 'INNODB_TRX'
2016-01-28 13:33:16 204 [Note] Shutting down plugin 'BLACKHOLE'
2016-01-28 13:33:16 204 [Note] Shutting down plugin 'ARCHIVE'
2016-01-28 13:33:16 204 [Note] Shutting down plugin 'MRG_MYISAM'
2016-01-28 13:33:16 204 [Note] Shutting down plugin 'MyISAM'
2016-01-28 13:33:16 204 [Note] Shutting down plugin 'MEMORY'
2016-01-28 13:33:16 204 [Note] Shutting down plugin 'CSV'
2016-01-28 13:33:16 204 [Note] Shutting down plugin 'sha256_password'
2016-01-28 13:33:16 204 [Note] Shutting down plugin 'mysql_old_password'
2016-01-28 13:33:16 204 [Note] Shutting down plugin 'mysql_native_password'
2016-01-28 13:33:16 204 [Note] Shutting down plugin 'binlog'
2016-01-28 13:33:16 204 [Note] D:\Resume/mysql/bin/mysqld_usbwv8.exe: Shutdown complete

2016-01-28 13:33:27 9608 [Note] Plugin 'FEDERATED' is disabled.
2016-01-28 13:33:27 9608 [Note] InnoDB: The InnoDB memory heap is disabled
2016-01-28 13:33:27 9608 [Note] InnoDB: Mutexes and rw_locks use Windows interlocked functions
2016-01-28 13:33:27 9608 [Note] InnoDB: Compressed tables use zlib 1.2.3
2016-01-28 13:33:27 9608 [Note] InnoDB: Not using CPU crc32 instructions
2016-01-28 13:33:27 9608 [Note] InnoDB: Initializing buffer pool, size = 128.0M
2016-01-28 13:33:27 9608 [Note] InnoDB: Completed initialization of buffer pool
2016-01-28 13:33:27 9608 [Note] InnoDB: Highest supported file format is Barracuda.
2016-01-28 13:33:27 9608 [Note] InnoDB: The log sequence numbers 1881425 and 1881425 in ibdata files do not match the log sequence number 1960759 in the ib_logfiles!
2016-01-28 13:33:27 9608 [Note] InnoDB: Database was not shutdown normally!
2016-01-28 13:33:27 9608 [Note] InnoDB: Starting crash recovery.
2016-01-28 13:33:27 9608 [Note] InnoDB: Reading tablespace information from the .ibd files...
2016-01-28 13:33:27 9608 [Note] InnoDB: Restoring possible half-written data pages 
2016-01-28 13:33:27 9608 [Note] InnoDB: from the doublewrite buffer...
2016-01-28 13:33:28 9608 [Note] InnoDB: 128 rollback segment(s) are active.
2016-01-28 13:33:28 9608 [Note] InnoDB: Waiting for purge to start
2016-01-28 13:33:28 9608 [Note] InnoDB: 5.6.13 started; log sequence number 1960759
2016-01-28 13:33:28 9608 [Note] Server hostname (bind-address): '*'; port: 3307
2016-01-28 13:33:28 9608 [Note] IPv6 is available.
2016-01-28 13:33:28 9608 [Note]   - '::' resolves to '::';
2016-01-28 13:33:28 9608 [Note] Server socket created on IP: '::'.
