2015-12-14 18:46:38 128984 [Note] Plugin 'FEDERATED' is disabled.
2015-12-14 18:46:38 128984 [Note] InnoDB: The InnoDB memory heap is disabled
2015-12-14 18:46:38 128984 [Note] InnoDB: Mutexes and rw_locks use Windows interlocked functions
2015-12-14 18:46:38 128984 [Note] InnoDB: Compressed tables use zlib 1.2.3
2015-12-14 18:46:38 128984 [Note] InnoDB: Not using CPU crc32 instructions
2015-12-14 18:46:38 128984 [Note] InnoDB: Initializing buffer pool, size = 128.0M
2015-12-14 18:46:38 128984 [Note] InnoDB: Completed initialization of buffer pool
2015-12-14 18:46:39 128984 [Note] InnoDB: Highest supported file format is Barracuda.
2015-12-14 18:46:39 128984 [Note] InnoDB: The log sequence numbers 1626134 and 1626134 in ibdata files do not match the log sequence number 1811051 in the ib_logfiles!
2015-12-14 18:46:39 128984 [Note] InnoDB: Database was not shutdown normally!
2015-12-14 18:46:39 128984 [Note] InnoDB: Starting crash recovery.
2015-12-14 18:46:39 128984 [Note] InnoDB: Reading tablespace information from the .ibd files...
2015-12-14 18:46:41 128984 [Note] InnoDB: Restoring possible half-written data pages 
2015-12-14 18:46:41 128984 [Note] InnoDB: from the doublewrite buffer...
2015-12-14 18:46:42 128984 [Note] InnoDB: 128 rollback segment(s) are active.
2015-12-14 18:46:42 128984 [Note] InnoDB: Waiting for purge to start
2015-12-14 18:46:42 128984 [Note] InnoDB: Waiting for purge to start
2015-12-14 18:46:42 128984 [Note] InnoDB: Waiting for purge to start
2015-12-14 18:46:42 128984 [Note] InnoDB: Waiting for purge to start
2015-12-14 18:46:42 128984 [Note] InnoDB: 5.6.13 started; log sequence number 1811051
2015-12-14 18:46:42 128984 [Note] Server hostname (bind-address): '*'; port: 3307
2015-12-14 18:46:42 128984 [Note] IPv6 is available.
2015-12-14 18:46:42 128984 [Note]   - '::' resolves to '::';
2015-12-14 18:46:42 128984 [Note] Server socket created on IP: '::'.
2015-12-14 18:58:03 133640 [Note] Plugin 'FEDERATED' is disabled.
2015-12-14 18:58:03 133640 [Note] InnoDB: The InnoDB memory heap is disabled
2015-12-14 18:58:03 133640 [Note] InnoDB: Mutexes and rw_locks use Windows interlocked functions
2015-12-14 18:58:03 133640 [Note] InnoDB: Compressed tables use zlib 1.2.3
2015-12-14 18:58:03 133640 [Note] InnoDB: Not using CPU crc32 instructions
2015-12-14 18:58:03 133640 [Note] InnoDB: Initializing buffer pool, size = 128.0M
2015-12-14 18:58:03 133640 [Note] InnoDB: Completed initialization of buffer pool
2015-12-14 18:58:03 133640 [ERROR] InnoDB: E:\2.2\mysql\data\ibdata1 can't be opened in read-write mode
2015-12-14 18:58:03 133640 [ERROR] InnoDB: The system tablespace must be writable!
2015-12-14 18:58:03 133640 [ERROR] Plugin 'InnoDB' init function returned error.
2015-12-14 18:58:04 133640 [ERROR] Plugin 'InnoDB' registration as a STORAGE ENGINE failed.
2015-12-14 18:58:04 133640 [ERROR] Unknown/unsupported storage engine: InnoDB
2015-12-14 18:58:04 133640 [ERROR] Aborting

2015-12-14 18:58:04 133640 [Note] Binlog end
2015-12-14 18:58:04 133640 [Note] Shutting down plugin 'partition'
2015-12-14 18:58:04 133640 [Note] Shutting down plugin 'PERFORMANCE_SCHEMA'
2015-12-14 18:58:04 133640 [Note] Shutting down plugin 'INNODB_SYS_DATAFILES'
2015-12-14 18:58:04 133640 [Note] Shutting down plugin 'INNODB_SYS_TABLESPACES'
2015-12-14 18:58:04 133640 [Note] Shutting down plugin 'INNODB_SYS_FOREIGN_COLS'
2015-12-14 18:58:04 133640 [Note] Shutting down plugin 'INNODB_SYS_FOREIGN'
2015-12-14 18:58:04 133640 [Note] Shutting down plugin 'INNODB_SYS_FIELDS'
2015-12-14 18:58:04 133640 [Note] Shutting down plugin 'INNODB_SYS_COLUMNS'
2015-12-14 18:58:04 133640 [Note] Shutting down plugin 'INNODB_SYS_INDEXES'
2015-12-14 18:58:04 133640 [Note] Shutting down plugin 'INNODB_SYS_TABLESTATS'
2015-12-14 18:58:04 133640 [Note] Shutting down plugin 'INNODB_SYS_TABLES'
2015-12-14 18:58:04 133640 [Note] Shutting down plugin 'INNODB_FT_INDEX_TABLE'
2015-12-14 18:58:04 133640 [Note] Shutting down plugin 'INNODB_FT_INDEX_CACHE'
2015-12-14 18:58:04 133640 [Note] Shutting down plugin 'INNODB_FT_CONFIG'
2015-12-14 18:58:04 133640 [Note] Shutting down plugin 'INNODB_FT_BEING_DELETED'
2015-12-14 18:58:04 133640 [Note] Shutting down plugin 'INNODB_FT_DELETED'
2015-12-14 18:58:04 133640 [Note] Shutting down plugin 'INNODB_FT_DEFAULT_STOPWORD'
2015-12-14 18:58:04 133640 [Note] Shutting down plugin 'INNODB_METRICS'
2015-12-14 18:58:04 133640 [Note] Shutting down plugin 'INNODB_BUFFER_POOL_STATS'
2015-12-14 18:58:04 133640 [Note] Shutting down plugin 'INNODB_BUFFER_PAGE_LRU'
2015-12-14 18:58:04 133640 [Note] Shutting down plugin 'INNODB_BUFFER_PAGE'
2015-12-14 18:58:04 133640 [Note] Shutting down plugin 'INNODB_CMP_PER_INDEX_RESET'
2015-12-14 18:58:04 133640 [Note] Shutting down plugin 'INNODB_CMP_PER_INDEX'
2015-12-14 18:58:04 133640 [Note] Shutting down plugin 'INNODB_CMPMEM_RESET'
2015-12-14 18:58:04 133640 [Note] Shutting down plugin 'INNODB_CMPMEM'
2015-12-14 18:58:04 133640 [Note] Shutting down plugin 'INNODB_CMP_RESET'
2015-12-14 18:58:04 133640 [Note] Shutting down plugin 'INNODB_CMP'
2015-12-14 18:58:04 133640 [Note] Shutting down plugin 'INNODB_LOCK_WAITS'
2015-12-14 18:58:04 133640 [Note] Shutting down plugin 'INNODB_LOCKS'
2015-12-14 18:58:05 133640 [Note] Shutting down plugin 'INNODB_TRX'
2015-12-14 18:58:05 133640 [Note] Shutting down plugin 'BLACKHOLE'
2015-12-14 18:58:05 133640 [Note] Shutting down plugin 'ARCHIVE'
2015-12-14 18:58:05 133640 [Note] Shutting down plugin 'MRG_MYISAM'
2015-12-14 18:58:05 133640 [Note] Shutting down plugin 'MyISAM'
2015-12-14 18:58:05 133640 [Note] Shutting down plugin 'MEMORY'
2015-12-14 18:58:05 133640 [Note] Shutting down plugin 'CSV'
2015-12-14 18:58:05 133640 [Note] Shutting down plugin 'sha256_password'
2015-12-14 18:58:05 133640 [Note] Shutting down plugin 'mysql_old_password'
2015-12-14 18:58:05 133640 [Note] Shutting down plugin 'mysql_native_password'
2015-12-14 18:58:05 133640 [Note] Shutting down plugin 'binlog'
2015-12-14 18:58:05 133640 [Note] E:\2.2/mysql/bin/mysqld_usbwv8.exe: Shutdown complete

2015-12-14 19:07:12 2424 [Note] Plugin 'FEDERATED' is disabled.
2015-12-14 19:07:12 2424 [Note] InnoDB: The InnoDB memory heap is disabled
2015-12-14 19:07:12 2424 [Note] InnoDB: Mutexes and rw_locks use Windows interlocked functions
2015-12-14 19:07:12 2424 [Note] InnoDB: Compressed tables use zlib 1.2.3
2015-12-14 19:07:12 2424 [Note] InnoDB: Not using CPU crc32 instructions
2015-12-14 19:07:12 2424 [Note] InnoDB: Initializing buffer pool, size = 128.0M
2015-12-14 19:07:12 2424 [Note] InnoDB: Completed initialization of buffer pool
2015-12-14 19:07:16 2424 [Note] InnoDB: Highest supported file format is Barracuda.
2015-12-14 19:07:16 2424 [Note] InnoDB: The log sequence numbers 1626134 and 1626134 in ibdata files do not match the log sequence number 1811061 in the ib_logfiles!
2015-12-14 19:07:16 2424 [Note] InnoDB: Database was not shutdown normally!
2015-12-14 19:07:16 2424 [Note] InnoDB: Starting crash recovery.
2015-12-14 19:07:16 2424 [Note] InnoDB: Reading tablespace information from the .ibd files...
2015-12-14 19:07:16 2424 [Note] InnoDB: Restoring possible half-written data pages 
2015-12-14 19:07:16 2424 [Note] InnoDB: from the doublewrite buffer...
2015-12-14 19:07:17 2424 [Note] InnoDB: 128 rollback segment(s) are active.
2015-12-14 19:07:17 2424 [Note] InnoDB: Waiting for purge to start
2015-12-14 19:07:17 2424 [Note] InnoDB: 5.6.13 started; log sequence number 1811061
2015-12-14 19:07:17 2424 [Note] Server hostname (bind-address): '*'; port: 3307
2015-12-14 19:07:17 2424 [Note] IPv6 is available.
2015-12-14 19:07:17 2424 [Note]   - '::' resolves to '::';
2015-12-14 19:07:17 2424 [Note] Server socket created on IP: '::'.
