2015-12-14 09:00:50 4976 [Note] Plugin 'FEDERATED' is disabled.
2015-12-14 09:00:50 4976 [Note] InnoDB: The InnoDB memory heap is disabled
2015-12-14 09:00:50 4976 [Note] InnoDB: Mutexes and rw_locks use Windows interlocked functions
2015-12-14 09:00:50 4976 [Note] InnoDB: Compressed tables use zlib 1.2.3
2015-12-14 09:00:50 4976 [Note] InnoDB: Not using CPU crc32 instructions
2015-12-14 09:00:50 4976 [Note] InnoDB: Initializing buffer pool, size = 128.0M
2015-12-14 09:00:50 4976 [Note] InnoDB: Completed initialization of buffer pool
2015-12-14 09:00:50 4976 [Note] InnoDB: Setting log file C:\Users\100126\Documents\USB\2.1\database\mysql\data\ib_logfile101 size to 5 MB
2015-12-14 09:00:50 4976 [Note] InnoDB: Setting log file C:\Users\100126\Documents\USB\2.1\database\mysql\data\ib_logfile1 size to 5 MB
2015-12-14 09:00:51 4976 [Note] InnoDB: Renaming log file C:\Users\100126\Documents\USB\2.1\database\mysql\data\ib_logfile101 to C:\Users\100126\Documents\USB\2.1\database\mysql\data\ib_logfile0
2015-12-14 09:00:51 4976 [Warning] InnoDB: New log files created, LSN=1626134
2015-12-14 09:00:51 4976 [Note] InnoDB: Highest supported file format is Barracuda.
2015-12-14 09:00:51 4976 [Note] InnoDB: 128 rollback segment(s) are active.
2015-12-14 09:00:51 4976 [Note] InnoDB: Waiting for purge to start
2015-12-14 09:00:51 4976 [Note] InnoDB: 5.6.13 started; log sequence number 1626636
2015-12-14 09:00:51 4976 [Warning] No existing UUID has been found, so we assume that this is the first time that this server has been started. Generating a new UUID: cb2f4e42-a238-11e5-af58-18a905325a67.
2015-12-14 09:00:51 4976 [Note] Server hostname (bind-address): '*'; port: 3307
2015-12-14 09:00:51 4976 [Note] IPv6 is available.
2015-12-14 09:00:51 4976 [Note]   - '::' resolves to '::';
2015-12-14 09:00:51 4976 [Note] Server socket created on IP: '::'.
2015-12-14 09:00:51 4976 [Note] Event Scheduler: Loaded 0 events
2015-12-14 09:00:51 4976 [Note] C:\Users\100126\Documents\USB\2.1\database/mysql/bin/mysqld_usbwv8.exe: ready for connections.
Version: '5.6.13'  socket: ''  port: 3307  MySQL Community Server (GPL)
2015-12-14 12:15:08 5136 [Note] Plugin 'FEDERATED' is disabled.
2015-12-14 12:15:08 5136 [Note] InnoDB: The InnoDB memory heap is disabled
2015-12-14 12:15:08 5136 [Note] InnoDB: Mutexes and rw_locks use Windows interlocked functions
2015-12-14 12:15:08 5136 [Note] InnoDB: Compressed tables use zlib 1.2.3
2015-12-14 12:15:08 5136 [Note] InnoDB: Not using CPU crc32 instructions
2015-12-14 12:15:08 5136 [Note] InnoDB: Initializing buffer pool, size = 128.0M
2015-12-14 12:15:08 5136 [Note] InnoDB: Completed initialization of buffer pool
2015-12-14 12:15:08 5136 [Note] InnoDB: Highest supported file format is Barracuda.
2015-12-14 12:15:08 5136 [Note] InnoDB: The log sequence numbers 1626134 and 1626134 in ibdata files do not match the log sequence number 1779055 in the ib_logfiles!
2015-12-14 12:15:08 5136 [Note] InnoDB: Database was not shutdown normally!
2015-12-14 12:15:08 5136 [Note] InnoDB: Starting crash recovery.
2015-12-14 12:15:08 5136 [Note] InnoDB: Reading tablespace information from the .ibd files...
2015-12-14 12:15:08 5136 [Note] InnoDB: Restoring possible half-written data pages 
2015-12-14 12:15:08 5136 [Note] InnoDB: from the doublewrite buffer...
2015-12-14 12:15:09 5136 [Note] InnoDB: 128 rollback segment(s) are active.
2015-12-14 12:15:09 5136 [Note] InnoDB: Waiting for purge to start
2015-12-14 12:15:09 5136 [Note] InnoDB: 5.6.13 started; log sequence number 1779055
2015-12-14 12:15:09 5136 [Note] Server hostname (bind-address): '*'; port: 3307
2015-12-14 12:15:09 5136 [Note] IPv6 is available.
2015-12-14 12:15:09 5136 [Note]   - '::' resolves to '::';
2015-12-14 12:15:09 5136 [Note] Server socket created on IP: '::'.
2015-12-14 12:15:09 5136 [Note] Event Scheduler: Loaded 0 events
2015-12-14 12:15:09 5136 [Note] C:\Users\100126\Documents\USB\2.2\database/mysql/bin/mysqld_usbwv8.exe: ready for connections.
Version: '5.6.13'  socket: ''  port: 3307  MySQL Community Server (GPL)
2015-12-15 08:52:45 2508 [Note] Plugin 'FEDERATED' is disabled.
2015-12-15 08:52:45 2508 [Note] InnoDB: The InnoDB memory heap is disabled
2015-12-15 08:52:45 2508 [Note] InnoDB: Mutexes and rw_locks use Windows interlocked functions
2015-12-15 08:52:45 2508 [Note] InnoDB: Compressed tables use zlib 1.2.3
2015-12-15 08:52:45 2508 [Note] InnoDB: Not using CPU crc32 instructions
2015-12-15 08:52:45 2508 [Note] InnoDB: Initializing buffer pool, size = 128.0M
2015-12-15 08:52:45 2508 [Note] InnoDB: Completed initialization of buffer pool
2015-12-15 08:52:45 2508 [Note] InnoDB: Highest supported file format is Barracuda.
2015-12-15 08:52:45 2508 [Note] InnoDB: The log sequence numbers 1626134 and 1626134 in ibdata files do not match the log sequence number 1881405 in the ib_logfiles!
2015-12-15 08:52:45 2508 [Note] InnoDB: Database was not shutdown normally!
2015-12-15 08:52:45 2508 [Note] InnoDB: Starting crash recovery.
2015-12-15 08:52:45 2508 [Note] InnoDB: Reading tablespace information from the .ibd files...
2015-12-15 08:52:45 2508 [Note] InnoDB: Restoring possible half-written data pages 
2015-12-15 08:52:45 2508 [Note] InnoDB: from the doublewrite buffer...
2015-12-15 08:52:46 2508 [Note] InnoDB: 128 rollback segment(s) are active.
2015-12-15 08:52:46 2508 [Note] InnoDB: Waiting for purge to start
2015-12-15 08:52:46 2508 [Note] InnoDB: 5.6.13 started; log sequence number 1881405
2015-12-15 08:52:46 2508 [Note] Server hostname (bind-address): '*'; port: 3307
2015-12-15 08:52:46 2508 [Note] IPv6 is available.
2015-12-15 08:52:46 2508 [Note]   - '::' resolves to '::';
2015-12-15 08:52:46 2508 [Note] Server socket created on IP: '::'.
2015-12-15 08:52:47 2508 [Note] Event Scheduler: Loaded 0 events
2015-12-15 08:52:47 2508 [Note] E:\2.2/mysql/bin/mysqld_usbwv8.exe: ready for connections.
Version: '5.6.13'  socket: ''  port: 3307  MySQL Community Server (GPL)
2015-12-15 08:55:49 4612 [Note] Plugin 'FEDERATED' is disabled.
2015-12-15 08:55:49 4612 [Note] InnoDB: The InnoDB memory heap is disabled
2015-12-15 08:55:49 4612 [Note] InnoDB: Mutexes and rw_locks use Windows interlocked functions
2015-12-15 08:55:49 4612 [Note] InnoDB: Compressed tables use zlib 1.2.3
2015-12-15 08:55:49 4612 [Note] InnoDB: Not using CPU crc32 instructions
2015-12-15 08:55:49 4612 [Note] InnoDB: Initializing buffer pool, size = 128.0M
2015-12-15 08:55:49 4612 [Note] InnoDB: Completed initialization of buffer pool
2015-12-15 08:55:49 4612 [Note] InnoDB: Highest supported file format is Barracuda.
2015-12-15 08:55:49 4612 [Note] InnoDB: The log sequence numbers 1626134 and 1626134 in ibdata files do not match the log sequence number 1881415 in the ib_logfiles!
2015-12-15 08:55:49 4612 [Note] InnoDB: Database was not shutdown normally!
2015-12-15 08:55:49 4612 [Note] InnoDB: Starting crash recovery.
2015-12-15 08:55:49 4612 [Note] InnoDB: Reading tablespace information from the .ibd files...
2015-12-15 08:55:50 4612 [Note] InnoDB: Restoring possible half-written data pages 
2015-12-15 08:55:50 4612 [Note] InnoDB: from the doublewrite buffer...
2015-12-15 08:55:50 4612 [Note] InnoDB: 128 rollback segment(s) are active.
2015-12-15 08:55:50 4612 [Note] InnoDB: Waiting for purge to start
2015-12-15 08:55:50 4612 [Note] InnoDB: 5.6.13 started; log sequence number 1881415
2015-12-15 08:55:50 4612 [Note] Server hostname (bind-address): '*'; port: 3307
2015-12-15 08:55:50 4612 [Note] IPv6 is available.
2015-12-15 08:55:50 4612 [Note]   - '::' resolves to '::';
2015-12-15 08:55:50 4612 [Note] Server socket created on IP: '::'.
2015-12-15 08:55:50 4612 [ERROR] Can't start server: Bind on TCP/IP port: No such file or directory
2015-12-15 08:55:50 4612 [ERROR] Do you already have another mysqld server running on port: 3307 ?
2015-12-15 08:55:50 4612 [ERROR] Aborting

2015-12-15 08:55:50 4612 [Note] Binlog end
2015-12-15 08:55:50 4612 [Note] Shutting down plugin 'partition'
2015-12-15 08:55:50 4612 [Note] Shutting down plugin 'PERFORMANCE_SCHEMA'
2015-12-15 08:55:50 4612 [Note] Shutting down plugin 'INNODB_SYS_DATAFILES'
2015-12-15 08:55:50 4612 [Note] Shutting down plugin 'INNODB_SYS_TABLESPACES'
2015-12-15 08:55:50 4612 [Note] Shutting down plugin 'INNODB_SYS_FOREIGN_COLS'
2015-12-15 08:55:50 4612 [Note] Shutting down plugin 'INNODB_SYS_FOREIGN'
2015-12-15 08:55:50 4612 [Note] Shutting down plugin 'INNODB_SYS_FIELDS'
2015-12-15 08:55:50 4612 [Note] Shutting down plugin 'INNODB_SYS_COLUMNS'
2015-12-15 08:55:50 4612 [Note] Shutting down plugin 'INNODB_SYS_INDEXES'
2015-12-15 08:55:50 4612 [Note] Shutting down plugin 'INNODB_SYS_TABLESTATS'
2015-12-15 08:55:50 4612 [Note] Shutting down plugin 'INNODB_SYS_TABLES'
2015-12-15 08:55:50 4612 [Note] Shutting down plugin 'INNODB_FT_INDEX_TABLE'
2015-12-15 08:55:50 4612 [Note] Shutting down plugin 'INNODB_FT_INDEX_CACHE'
2015-12-15 08:55:50 4612 [Note] Shutting down plugin 'INNODB_FT_CONFIG'
2015-12-15 08:55:50 4612 [Note] Shutting down plugin 'INNODB_FT_BEING_DELETED'
2015-12-15 08:55:50 4612 [Note] Shutting down plugin 'INNODB_FT_DELETED'
2015-12-15 08:55:50 4612 [Note] Shutting down plugin 'INNODB_FT_DEFAULT_STOPWORD'
2015-12-15 08:55:50 4612 [Note] Shutting down plugin 'INNODB_METRICS'
2015-12-15 08:55:50 4612 [Note] Shutting down plugin 'INNODB_BUFFER_POOL_STATS'
2015-12-15 08:55:50 4612 [Note] Shutting down plugin 'INNODB_BUFFER_PAGE_LRU'
2015-12-15 08:55:50 4612 [Note] Shutting down plugin 'INNODB_BUFFER_PAGE'
2015-12-15 08:55:50 4612 [Note] Shutting down plugin 'INNODB_CMP_PER_INDEX_RESET'
2015-12-15 08:55:50 4612 [Note] Shutting down plugin 'INNODB_CMP_PER_INDEX'
2015-12-15 08:55:50 4612 [Note] Shutting down plugin 'INNODB_CMPMEM_RESET'
2015-12-15 08:55:50 4612 [Note] Shutting down plugin 'INNODB_CMPMEM'
2015-12-15 08:55:50 4612 [Note] Shutting down plugin 'INNODB_CMP_RESET'
2015-12-15 08:55:50 4612 [Note] Shutting down plugin 'INNODB_CMP'
2015-12-15 08:55:50 4612 [Note] Shutting down plugin 'INNODB_LOCK_WAITS'
2015-12-15 08:55:50 4612 [Note] Shutting down plugin 'INNODB_LOCKS'
2015-12-15 08:55:50 4612 [Note] Shutting down plugin 'INNODB_TRX'
2015-12-15 08:55:50 4612 [Note] Shutting down plugin 'InnoDB'
2015-12-15 08:55:50 4612 [Note] InnoDB: FTS optimize thread exiting.
2015-12-15 08:55:50 4612 [Note] InnoDB: Starting shutdown...
2015-12-15 08:55:52 4612 [Note] InnoDB: Shutdown completed; log sequence number 1881425
2015-12-15 08:55:52 4612 [Note] Shutting down plugin 'BLACKHOLE'
2015-12-15 08:55:52 4612 [Note] Shutting down plugin 'ARCHIVE'
2015-12-15 08:55:52 4612 [Note] Shutting down plugin 'MRG_MYISAM'
2015-12-15 08:55:52 4612 [Note] Shutting down plugin 'MyISAM'
2015-12-15 08:55:52 4612 [Note] Shutting down plugin 'MEMORY'
2015-12-15 08:55:52 4612 [Note] Shutting down plugin 'CSV'
2015-12-15 08:55:52 4612 [Note] Shutting down plugin 'sha256_password'
2015-12-15 08:55:52 4612 [Note] Shutting down plugin 'mysql_old_password'
2015-12-15 08:55:52 4612 [Note] Shutting down plugin 'mysql_native_password'
2015-12-15 08:55:52 4612 [Note] Shutting down plugin 'binlog'
2015-12-15 08:55:52 4612 [Note] C:\Users\100126\Documents\USB\2.2\database/mysql/bin/mysqld_usbwv8.exe: Shutdown complete

2015-12-15 10:10:34 1440 [Note] Plugin 'FEDERATED' is disabled.
2015-12-15 10:10:34 1440 [Note] InnoDB: The InnoDB memory heap is disabled
2015-12-15 10:10:34 1440 [Note] InnoDB: Mutexes and rw_locks use Windows interlocked functions
2015-12-15 10:10:34 1440 [Note] InnoDB: Compressed tables use zlib 1.2.3
2015-12-15 10:10:34 1440 [Note] InnoDB: Not using CPU crc32 instructions
2015-12-15 10:10:34 1440 [Note] InnoDB: Initializing buffer pool, size = 128.0M
2015-12-15 10:10:34 1440 [Note] InnoDB: Completed initialization of buffer pool
2015-12-15 10:10:34 1440 [Note] InnoDB: Highest supported file format is Barracuda.
2015-12-15 10:10:34 1440 [Note] InnoDB: 128 rollback segment(s) are active.
2015-12-15 10:10:34 1440 [Note] InnoDB: Waiting for purge to start
2015-12-15 10:10:34 1440 [Note] InnoDB: 5.6.13 started; log sequence number 1881425
2015-12-15 10:10:34 1440 [Note] Server hostname (bind-address): '*'; port: 3307
2015-12-15 10:10:34 1440 [Note] IPv6 is available.
2015-12-15 10:10:34 1440 [Note]   - '::' resolves to '::';
2015-12-15 10:10:34 1440 [Note] Server socket created on IP: '::'.
2015-12-15 10:10:34 1440 [Note] Event Scheduler: Loaded 0 events
2015-12-15 10:10:34 1440 [Note] C:\Users\100126\Documents\USB\2.2\database/mysql/bin/mysqld_usbwv8.exe: ready for connections.
Version: '5.6.13'  socket: ''  port: 3307  MySQL Community Server (GPL)
